2025-06-05 19:01:38,321 [     12]   INFO - #c.i.p.i.b.AppStarter - ------------------------------------------------------ IDE STARTED ------------------------------------------------------
2025-06-05 19:01:38,327 [     18]   INFO - #c.i.i.p.PluginManager - Using broken plugins file from IDE distribution
2025-06-05 19:01:38,341 [     32]   INFO - #c.i.u.EnvironmentUtil - loading shell env is skipped: IDE has been launched from a terminal (SHLVL=1)
2025-06-05 19:01:38,357 [     48]   INFO - #c.i.u.i.PageCacheUtils - File page caching params:
2025-06-05 19:01:38,358 [     49]   INFO - #c.i.u.i.PageCacheUtils - 	DEFAULT_PAGE_SIZE: 10485760
2025-06-05 19:01:38,358 [     49]   INFO - #c.i.u.i.PageCacheUtils - 	Direct memory to use, max: 2126512128
2025-06-05 19:01:38,358 [     49]   INFO - #c.i.u.i.PageCacheUtils - 	FilePageCache: regular + lock-free (LOCK_FREE_PAGE_CACHE_ENABLED:true)
2025-06-05 19:01:38,359 [     50]   INFO - #c.i.u.i.PageCacheUtils - 	NEW_PAGE_CACHE_MEMORY_FRACTION: 0.20000000298023224
2025-06-05 19:01:38,359 [     50]   INFO - #c.i.u.i.PageCacheUtils - 	Regular FilePageCache: 503316478 bytes
2025-06-05 19:01:38,360 [     51]   INFO - #c.i.u.i.PageCacheUtils - 	New     FilePageCache: 125829122 bytes (+ up to 10.0% overflow)
2025-06-05 19:01:38,360 [     51]   INFO - #c.i.u.i.PageCacheUtils - 	DirectByteBuffers pool: 104857600 bytes
2025-06-05 19:01:38,407 [     98]   INFO - #c.i.i.p.PluginManager - Module intellij.sh.python is not enabled because dependency intellij.python.community.impl is not available
Module intellij.groovy/ant is not enabled because dependency AntSupport is not available
Module intellij.qodana.jvm.swagger is not enabled because dependency com.intellij.swagger is not available
Module intellij.qodana.python is not enabled because dependency intellij.python is not available
Module intellij.qodana.php is not enabled because dependency com.jetbrains.php is not available
Module intellij.qodana.js is not enabled because dependency JavaScript is not available
Module intellij.qodana.inspectionKts.js is not enabled because dependency JavaScript is not available
Module intellij.qodana.go is not enabled because dependency intellij.go.coverage is not available
Module intellij.cwm.plugin.elevation is not enabled because dependency intellij.execution.process.elevation is not available
Module intellij.packageChecker.php is not enabled because dependency com.jetbrains.php is not available
Module intellij.packageChecker.python is not enabled because dependency intellij.python.community.impl is not available
Module intellij.packageChecker.javascript is not enabled because dependency JavaScript is not available
Module intellij.packageChecker.go is not enabled because dependency org.jetbrains.plugins.go is not available
2025-06-05 19:01:38,414 [    105]   INFO - #c.i.p.i.b.AppStarter - JNA library (64-bit) loaded in 75 ms
2025-06-05 19:01:38,415 [    106]   INFO - #c.i.p.i.b.AppStarter - IDE: IntelliJ IDEA (build #IC-241.14494.240, Thu, 28 Mar 2024 05:12:00 GMT)
2025-06-05 19:01:38,416 [    107]   INFO - #c.i.p.i.b.AppStarter - OS: Mac OS X (14.5)
2025-06-05 19:01:38,416 [    107]   INFO - #c.i.p.i.b.AppStarter - JRE: 17.0.10+8-b1207.12, aarch64 (JetBrains s.r.o.)
2025-06-05 19:01:38,416 [    107]   INFO - #c.i.p.i.b.AppStarter - JVM: 17.0.10+8-b1207.12 (OpenJDK 64-Bit Server VM)
2025-06-05 19:01:38,418 [    109]   INFO - #c.i.p.i.b.AppStarter - PID: 77800
2025-06-05 19:01:38,424 [    115]   INFO - #c.i.i.p.PluginManager - Loaded bundled plugins: IDEA CORE (241.14494.240), TextMate Bundles (241.14494.240), Images (241.14494.240), Copyright (241.14494.240), EditorConfig (241.14494.240), IDE Services / Provisioner API (241.14494.240), Machine Learning in Search Everywhere (241.14494.240), YAML (241.14494.240), JetBrains maven model api classes (241.14494.240), JetBrains Repository Search (241.14494.240), Maven server api classes (241.14494.240), Markdown (241.14494.240), Terminal (241.14494.240), Mercurial (241.14494.240), Properties (241.14494.240), Gradle (241.14494.240), NetBeans Keymap (241.14494.240), JetBrains Marketplace Licensing (241.14494.240), com.intellij.dev (241.14494.240), Remote Execution Agent (241.14494.240), Shell Script (241.14494.240), HTML Tools (241.14494.240), Visual Studio Keymap (241.14494.240), Machine Learning Code Completion (241.14494.240), Toml (241.14494.240), WebP Support (241.14494.240), Performance Testing (241.14494.240), Grazie Lite (241.14494.240), Eclipse Keymap (241.14494.240), Perforce Helix Core (241.14494.240), GitLab (241.14494.240), IDE Features Trainer (241.14494.240), Java (241.14494.240), com.intellij.tracing.ide (241.14494.240), Java Bytecode Decompiler (241.14494.240), Java Stream Debugger (241.14494.240), Task Management (241.14494.240), GitHub (241.14494.240), JUnit (241.14494.240), Eclipse Interoperability (241.14494.240), IntelliLang (241.14494.240), Groovy (241.14494.240), JavaFX (241.14494.240), Turbo Complete (241.14494.240), Kotlin (241.14494.240-IJ), Gradle DSL API (241.14494.240), Java Internationalization (241.14494.240), UI Designer (241.14494.240), Bytecode Viewer (241.14494.240), Maven (241.14494.240), TestNG (241.14494.240), Code Coverage for Java (241.14494.240), Gradle-Java (241.14494.240), Gradle-Java-Analysis (241.14494.240), Gradle-Maven (241.14494.240), Java IDE Customization (241.14494.240), Settings Sync (241.14494.240), Git (241.14494.240), Qodana (241.14494.240), Configuration Script (241.14494.240), Shared Indexes (241.14494.240), Code With Me (241.14494.240), Subversion (241.14494.240), Package Checker (241.14494.240), Gradle Dependency Updater Implementation (241.14494.240), Async Profiler for IDE Performance Testing (241.14494.240)
2025-06-05 19:01:38,424 [    115]   INFO - #c.i.i.p.PluginManager - Loaded custom plugins: Line Comment (1.0-SNAPSHOT)
2025-06-05 19:01:38,437 [    128]   INFO - #c.i.p.i.b.AppStarter - JVM options: [-Daether.connector.resumeDownloads=false, -Dapple.awt.application.appearance=system, -Dapple.awt.fileDialogForDirectories=true, -Dapple.laf.useScreenMenuBar=true, -Dide.show.tips.on.startup.default.value=false, -Didea.auto.reload.plugins=true, -Didea.classpath.index.enabled=false, -Didea.config.path=/Users/yunus/Workspace/Cursor/idea-take-note-plugin/build/idea-sandbox/config, -Didea.is.internal=true, -Didea.log.path=/Users/yunus/Workspace/Cursor/idea-take-note-plugin/build/idea-sandbox/system/log, -Didea.paths.selector=IdeaIC2024.1, -Didea.platform.prefix=Idea, -Didea.plugin.in.sandbox.mode=true, -Didea.plugins.path=/Users/yunus/Workspace/Cursor/idea-take-note-plugin/build/idea-sandbox/plugins, -Didea.required.plugins.id=com.example.line-comment, -Didea.smooth.progress=false, -Didea.system.path=/Users/yunus/Workspace/Cursor/idea-take-note-plugin/build/idea-sandbox/system, -Didea.vendor.name=JetBrains, -Dintellij.platform.runtime.repository.path=/Users/yunus/.gradle/caches/modules-2/files-2.1/com.jetbrains.intellij.idea/ideaIC/2024.1/181fa36f74690e64a81a8e06ceda9480d2a6c626/ideaIC-2024.1/modules/module-descriptors.jar, -Djava.system.class.loader=com.intellij.util.lang.PathClassLoader, -Djbr.catch.SIGABRT=true, -Djdk.attach.allowAttachSelf=true, -Djdk.http.auth.tunneling.disabledSchemes="", -Djdk.module.illegalAccess.silent=true, -Djna.boot.library.path=/Users/yunus/.gradle/caches/modules-2/files-2.1/com.jetbrains.intellij.idea/ideaIC/2024.1/181fa36f74690e64a81a8e06ceda9480d2a6c626/ideaIC-2024.1/lib/jna/aarch64, -Djna.noclasspath=true, -Djna.nosys=true, -Dpty4j.preferred.native.folder=/Users/yunus/.gradle/caches/modules-2/files-2.1/com.jetbrains.intellij.idea/ideaIC/2024.1/181fa36f74690e64a81a8e06ceda9480d2a6c626/ideaIC-2024.1/lib/pty4j, -Dsplash=true, -Dsun.io.useCanonCaches=false, -Dsun.java2d.metal=true, -XX:+HeapDumpOnOutOfMemoryError, -XX:-OmitStackTraceInFastThrow, -XX:+IgnoreUnrecognizedVMOptions, -XX:CICompilerCount=2, -XX:ReservedCodeCacheSize=512m, -XX:CompileCommand=exclude,com/intellij/openapi/vfs/impl/FilePartNodeRoot,trieDescend, -XX:SoftRefLRUPolicyMSPerMB=50, -javaagent:/Users/yunus/Workspace/Cursor/idea-take-note-plugin/build/tmp/initializeIntelliJPlugin/coroutines-javaagent.jar, --add-opens=java.base/java.io=ALL-UNNAMED, --add-opens=java.base/java.lang=ALL-UNNAMED, --add-opens=java.base/java.lang.ref=ALL-UNNAMED, --add-opens=java.base/java.lang.reflect=ALL-UNNAMED, --add-opens=java.base/java.net=ALL-UNNAMED, --add-opens=java.base/java.nio=ALL-UNNAMED, --add-opens=java.base/java.nio.charset=ALL-UNNAMED, --add-opens=java.base/java.text=ALL-UNNAMED, --add-opens=java.base/java.time=ALL-UNNAMED, --add-opens=java.base/java.util=ALL-UNNAMED, --add-opens=java.base/java.util.concurrent=ALL-UNNAMED, --add-opens=java.base/java.util.concurrent.atomic=ALL-UNNAMED, --add-opens=java.base/java.util.concurrent.locks=ALL-UNNAMED, --add-opens=java.base/jdk.internal.vm=ALL-UNNAMED, --add-opens=java.base/sun.nio.ch=ALL-UNNAMED, --add-opens=java.base/sun.nio.fs=ALL-UNNAMED, --add-opens=java.base/sun.security.ssl=ALL-UNNAMED, --add-opens=java.base/sun.security.util=ALL-UNNAMED, --add-opens=java.base/sun.net.dns=ALL-UNNAMED, --add-opens=java.desktop/com.apple.eawt=ALL-UNNAMED, --add-opens=java.desktop/com.apple.eawt.event=ALL-UNNAMED, --add-opens=java.desktop/com.apple.laf=ALL-UNNAMED, --add-opens=java.desktop/java.awt=ALL-UNNAMED, --add-opens=java.desktop/java.awt.dnd.peer=ALL-UNNAMED, --add-opens=java.desktop/java.awt.event=ALL-UNNAMED, --add-opens=java.desktop/java.awt.image=ALL-UNNAMED, --add-opens=java.desktop/java.awt.peer=ALL-UNNAMED, --add-opens=java.desktop/java.awt.font=ALL-UNNAMED, --add-opens=java.desktop/javax.swing=ALL-UNNAMED, --add-opens=java.desktop/javax.swing.plaf.basic=ALL-UNNAMED, --add-opens=java.desktop/javax.swing.text=ALL-UNNAMED, --add-opens=java.desktop/javax.swing.text.html=ALL-UNNAMED, --add-opens=java.desktop/sun.awt.datatransfer=ALL-UNNAMED, --add-opens=java.desktop/sun.awt.image=ALL-UNNAMED, --add-opens=java.desktop/sun.awt=ALL-UNNAMED, --add-opens=java.desktop/sun.font=ALL-UNNAMED, --add-opens=java.desktop/sun.java2d=ALL-UNNAMED, --add-opens=java.desktop/sun.lwawt=ALL-UNNAMED, --add-opens=java.desktop/sun.lwawt.macosx=ALL-UNNAMED, --add-opens=java.desktop/sun.swing=ALL-UNNAMED, --add-opens=java.desktop/com.sun.java.swing=ALL-UNNAMED, --add-opens=jdk.attach/sun.tools.attach=ALL-UNNAMED, --add-opens=jdk.compiler/com.sun.tools.javac.api=ALL-UNNAMED, --add-opens=jdk.internal.jvmstat/sun.jvmstat.monitor=ALL-UNNAMED, --add-opens=jdk.jdi/com.sun.tools.jdi=ALL-UNNAMED, -Xms128m, -Xmx2048m, -Dfile.encoding=UTF-8, -Duser.country=TR, -Duser.language=tr, -Duser.variant, -ea]
2025-06-05 19:01:38,437 [    128]   INFO - #c.i.p.i.b.AppStarter - args: traverseUI /Users/yunus/Workspace/Cursor/idea-take-note-plugin/build/searchableOptions true
2025-06-05 19:01:38,437 [    128]   INFO - #c.i.p.i.b.AppStarter - library path: /Users/yunus/Library/Java/Extensions:/Library/Java/Extensions:/Network/Library/Java/Extensions:/System/Library/Java/Extensions:/usr/lib/java:.
2025-06-05 19:01:38,437 [    128]   INFO - #c.i.p.i.b.AppStarter - boot library path: /Users/yunus/.gradle/caches/modules-2/files-2.1/com.jetbrains/jbre/jbr_jcef-17.0.10-osx-aarch64-b1207.12/extracted/jbr_jcef-17.0.10-osx-aarch64-b1207.12/Contents/Home/lib
2025-06-05 19:01:38,446 [    137]   INFO - #c.i.p.i.b.AppStarter - locale=tr_TR JNU=UTF-8 file.encoding=UTF-8
    idea.config.path=/Users/yunus/Workspace/Cursor/idea-take-note-plugin/build/idea-sandbox/config
    idea.system.path=/Users/yunus/Workspace/Cursor/idea-take-note-plugin/build/idea-sandbox/system
    idea.plugins.path=/Users/yunus/Workspace/Cursor/idea-take-note-plugin/build/idea-sandbox/plugins
    idea.log.path=/Users/yunus/Workspace/Cursor/idea-take-note-plugin/build/idea-sandbox/system/log
2025-06-05 19:01:38,452 [    143]   INFO - #c.i.p.i.b.AppStarter - CPU cores: 8; ForkJoinPool.commonPool: java.util.concurrent.ForkJoinPool@3edcd9dd[Running, parallelism = 8, size = 0, active = 0, running = 0, steals = 0, tasks = 0, submissions = 0]; factory: com.intellij.concurrency.IdeaForkJoinWorkerThreadFactory@4651c356
2025-06-05 19:01:38,512 [    203]   INFO - c.i.p.i.IdeFingerprint - Calculated dependencies fingerprint in 20 ms (hash=1sszzeqa7xkt4, buildTime=1711602720, appVersion=IC-241.14494.240)
2025-06-05 19:01:38,602 [    293]   INFO - #c.i.a.o.PathMacrosImpl - Loaded path macros: {MAVEN_REPOSITORY=/Users/yunus/.m2/repository}
2025-06-05 19:01:38,620 [    311]   INFO - #c.i.o.v.n.p.PersistentFSLoader - VFS uses 'fast' names enumerator (over mmapped file)
2025-06-05 19:01:38,621 [    312]   INFO - #c.i.o.v.n.p.PersistentFSLoader - VFS uses streamlined attributes storage (over mmapped file)
2025-06-05 19:01:38,622 [    313]   INFO - #c.i.o.v.n.p.PersistentFSLoader - VFS uses content storage over memory-mapped file, with compression algo: LZ4[ > 8000b ]
2025-06-05 19:01:39,032 [    723]   INFO - #c.i.u.n.s.CertificateManager - Default SSL context initialized
2025-06-05 19:01:39,064 [    755]   INFO - #c.i.o.v.n.p.PersistentFSLoader - VFS: impl (expected) version=846397, 0 file records, 0 content blobs
2025-06-05 19:01:39,070 [    761]   INFO - #c.i.o.v.n.p.FSRecordsImpl - VFS initialized: 455 ms, 0 failed attempts, 0 error(s) were recovered
2025-06-05 19:01:39,072 [    763]   INFO - #c.i.o.v.n.p.FSRecordsImpl - VFS scanned: file-by-name index was populated
2025-06-05 19:01:39,674 [   1365]   INFO - #c.i.i.p.DisabledPluginsState - Plugins to enable: [com.jetbrains.codeWithMe]
2025-06-05 19:01:39,704 [   1395]   INFO - #c.i.o.v.n.p.FSRecords - VFS health-check enabled: first after 600000 ms, and each following 43200000 ms, wrap in RA: true
2025-06-05 19:01:39,712 [   1403]   INFO - #c.i.i.p.ExpiredPluginsState - Plugins to skip: []
2025-06-05 19:01:39,822 [   1513]   INFO - #o.j.i.BuiltInServerManager - built-in server started, port 63343
2025-06-05 19:01:39,872 [   1563]   INFO - #c.i.o.v.i.l.NativeFileWatcherImpl - Native file watcher is disabled
2025-06-05 19:01:39,912 [   1603]   INFO - #c.i.i.s.p.i.SharedIndexMainZipStorage - Shared Indexes Storage is opened and empty
2025-06-05 19:01:39,914 [   1605]   WARN - #c.i.i.s.p.i.BundledSharedIndexProvider - Bundled shared index is not found at: /Users/yunus/.gradle/caches/modules-2/files-2.1/com.jetbrains.intellij.idea/ideaIC/2024.1/181fa36f74690e64a81a8e06ceda9480d2a6c626/ideaIC-2024.1/jdk-shared-indexes
2025-06-05 19:01:40,124 [   1815]   INFO - #c.i.u.i.FileBasedIndexImpl - Indices to be built:javafx.id.name(v = 3),org.jetbrains.kotlin.idea.vfilefinder.KotlinClassFileIndex(v = 3),org.jetbrains.kotlin.idea.vfilefinder.KlibMetaFileIndex(v = 4),KotlinPackageSourcesMemberNamesIndex(v = 2),Stubs(v = 46),java.binary.plus.expression(v = 4),KotlinTopLevelClassLikeDeclarationByPackageShortNameIndex(v = 3),org.jetbrains.kotlin.idea.vfilefinder.KotlinBuiltInsMetadataIndex(v = 4),java.auto.module.name(v = 6),xmlProperties(v = 2),org.jetbrains.kotlin.idea.vfilefinder.KotlinPartialPackageNamesIndex(v = 5),org.jetbrains.kotlin.idea.vfilefinder.KotlinShortClassNameFileIndex(v = 3),javafx.custom.component(v = 2),KotlinTopLevelCallableByPackageShortNameIndex(v = 3),Trigram.Index(v = 4),FilenameIndex(v = 258),KotlinBinaryRootToPackageIndex(v = 5),yaml.keys.name(v = 1),org.jetbrains.kotlin.idea.vfilefinder.KotlinJavaScriptMetaFileIndex(v = 4),JavaFxControllerClassIndex(v = 1),org.jetbrains.kotlin.idea.vfilefinder.KotlinJvmModuleAnnotationsIndex(v = 1),org.jetbrains.kotlin.idea.versions.KotlinJsMetadataVersionIndex(v = 3),org.jetbrains.kotlin.idea.vfilefinder.KotlinModuleMappingIndex(v = 5),DomFileIndex(v = 0),fileIncludes(v = 6),editorconfig.index.name(v = 5),HtmlTagIdIndex(v = 3),java.source.module.name(v = 4),json.file.root.values(v = 5),IdIndex(v = 22),FrameworkDetectionIndex(v = 65536),com.intellij.uiDesigner.FormClassIndex(v = 0),XmlTagNames(v = 1),java.fun.expression(v = 6),bytecodeAnalysis(v = 11),org.jetbrains.kotlin.idea.versions.KotlinJvmMetadataVersionIndex(v = 5),java.null.method.argument(v = 1),filetypes(v = 4096),RelaxSymbolIndex(v = 0),SchemaTypeInheritance(v = 2),org.jetbrains.kotlin.idea.vfilefinder.KotlinMetadataFileIndex(v = 2),TodoIndex(v = 13),XmlNamespaces(v = 8),org.jetbrains.kotlin.idea.vfilefinder.KotlinMetadataFilePackageIndex(v = 2),html5.custom.attributes.index(v = 1),org.jetbrains.kotlin.idea.vfilefinder.KotlinStdlibIndex(v = 1)
2025-06-05 19:01:40,126 [   1817]   INFO - #c.i.u.i.FileBasedIndexImpl - Using nice flusher for indexes
2025-06-05 19:01:40,129 [   1820]   INFO - #c.i.u.i.IndexDataInitializer - Index data initialization done: 264 ms. Initialized indexes: [FilenameIndex, DomFileIndex, Trigram.Index, filetypes, FrameworkDetectionIndex, fileIncludes, TodoIndex, IdIndex, XmlTagNames, html5.custom.attributes.index, XmlNamespaces, RelaxSymbolIndex, SchemaTypeInheritance, json.file.root.values, java.auto.module.name, editorconfig.index.name, xmlProperties, HtmlTagIdIndex, yaml.keys.name, java.binary.plus.expression, java.source.module.name, java.null.method.argument, java.fun.expression, Stubs, bytecodeAnalysis, JavaFxControllerClassIndex, javafx.id.name, javafx.custom.component, org.jetbrains.kotlin.idea.versions.KotlinJvmMetadataVersionIndex, org.jetbrains.kotlin.idea.versions.KotlinJsMetadataVersionIndex, org.jetbrains.kotlin.idea.vfilefinder.KotlinClassFileIndex, org.jetbrains.kotlin.idea.vfilefinder.KotlinPartialPackageNamesIndex, org.jetbrains.kotlin.idea.vfilefinder.KotlinJavaScriptMetaFileIndex, org.jetbrains.kotlin.idea.vfilefinder.KotlinMetadataFilePackageIndex, org.jetbrains.kotlin.idea.vfilefinder.KotlinMetadataFileIndex, org.jetbrains.kotlin.idea.vfilefinder.KotlinModuleMappingIndex, KotlinPackageSourcesMemberNamesIndex, org.jetbrains.kotlin.idea.vfilefinder.KotlinJvmModuleAnnotationsIndex, org.jetbrains.kotlin.idea.vfilefinder.KotlinBuiltInsMetadataIndex, org.jetbrains.kotlin.idea.vfilefinder.KotlinStdlibIndex, org.jetbrains.kotlin.idea.vfilefinder.KotlinShortClassNameFileIndex, KotlinTopLevelCallableByPackageShortNameIndex, KotlinTopLevelClassLikeDeclarationByPackageShortNameIndex, KotlinBinaryRootToPackageIndex, org.jetbrains.kotlin.idea.vfilefinder.KlibMetaFileIndex, com.intellij.uiDesigner.FormClassIndex].
2025-06-05 19:01:40,268 [   1959]   INFO - #c.i.p.s.StubIndexImpl - Following stub indices will be built:KotlinTopLevelPropertyByPackageIndex(v = 2),gr.class.super(v = 5),gr.script.fqn.s(v = 5),KotlinTopLevelFunctionByPackageIndex(v = 2),org.jetbrains.kotlin.idea.stubindex.KotlinFileFacadeShortNameIndex(v = 2),KotlinProbablyContractedFunctionShortNameIndex(v = 2),dom.elementClass(v = 0),org.jetbrains.kotlin.idea.stubindex.KotlinFullClassNameIndex(v = 2),kotlin.primeIndexKey(v = 2),KotlinFileFacadeClassByPackageIndex(v = 2),gr.annot.method.name(v = 5),gr.script.class(v = 5),java.class.shortname(v = 4),KotlinTopLevelTypeAliasByPackageIndex(v = 2),jvm.static.member.type(v = 2),gr.anonymous.class(v = 6),org.jetbrains.kotlin.idea.stubindex.KotlinFunctionShortNameIndex(v = 2),gr.method.name(v = 5),org.jetbrains.kotlin.idea.stubindex.KotlinTypeAliasShortNameIndex(v = 2),org.jetbrains.kotlin.idea.stubindex.KotlinTopLevelPropertyFqnNameIndex(v = 2),java.anonymous.baseref(v = 2),org.jetbrains.kotlin.idea.stubindex.KotlinInnerTypeAliasClassIdIndex(v = 2),org.jetbrains.kotlin.idea.stubindex.KotlinMultifileClassPartIndex(v = 2),jvm.static.member.name(v = 2),KotlinTypeAliasByExpansionShortNameIndex(v = 2),org.jetbrains.kotlin.idea.stubindex.KotlinScriptFqnIndex(v = 2),org.jetbrains.kotlin.idea.stubindex.KotlinPropertyShortNameIndex(v = 2),KotlinExtensionsInObjectsByReceiverTypeIndex(v = 2),KotlinOverridableInternalMembersShortNameIndex(v = 2),KotlinTopLevelExtensionsByReceiverTypeIndex(v = 3),dom.namespaceKey(v = 1),org.jetbrains.kotlin.idea.stubindex.KotlinTopLevelTypeAliasFqNameIndex(v = 2),org.jetbrains.kotlin.idea.stubindex.KotlinFileFacadeFqNameIndex(v = 2),org.jetbrains.kotlin.idea.stubindex.KotlinSuperClassIndex(v = 2),org.jetbrains.kotlin.idea.stubindex.KotlinExactPackagesIndex(v = 2),java.field.name(v = 2),properties.index(v = 2),KotlinProbablyNothingFunctionShortNameIndex(v = 2),java.method.parameter.types(v = 3),java.annotations(v = 2),gr.class.fqn.s(v = 5),markdown.header.anchor(v = 2),java.class.extlist(v = 3),gr.annot.members(v = 5),KotlinProbablyNothingPropertyShortNameIndex(v = 2),java.class.fqn(v = 1),org.jetbrains.kotlin.idea.stubindex.KotlinTopLevelFunctionFqnNameIndex(v = 2),org.jetbrains.kotlin.idea.stubindex.KotlinFilePartClassIndex(v = 2),markdown.header(v = 2),org.jetbrains.kotlin.idea.stubindex.KotlinJvmNameAnnotationIndex(v = 2),java.method.name(v = 2),java.unnamed.class(v = 2),org.jetbrains.kotlin.idea.stubindex.KotlinClassShortNameIndex(v = 2),org.jetbrains.kotlin.idea.stubindex.KotlinAnnotationsIndex(v = 3),org.jetbrains.kotlin.idea.stubindex.KotlinTopLevelClassByPackageIndex(v = 2),java.module.name(v = 4),gr.field.name(v = 5),org.jetbrains.kotlin.idea.stubindex.KotlinSubclassObjectNameIndex(v = 2)
2025-06-05 19:01:40,269 [   1960]   INFO - #c.i.u.i.IndexDataInitializer - Index data initialization done: 140 ms. Initialized stub indexes: {org.jetbrains.kotlin.idea.stubindex.KotlinMultifileClassPartIndex, gr.annot.members, jvm.static.member.type, KotlinFileFacadeClassByPackageIndex, gr.class.fqn.s, KotlinTopLevelFunctionByPackageIndex, org.jetbrains.kotlin.idea.stubindex.KotlinFullClassNameIndex, org.jetbrains.kotlin.idea.stubindex.KotlinFunctionShortNameIndex, org.jetbrains.kotlin.idea.stubindex.KotlinTypeAliasShortNameIndex, org.jetbrains.kotlin.idea.stubindex.KotlinScriptFqnIndex, dom.namespaceKey, java.class.extlist, org.jetbrains.kotlin.idea.stubindex.KotlinJvmNameAnnotationIndex, KotlinTypeAliasByExpansionShortNameIndex, org.jetbrains.kotlin.idea.stubindex.KotlinClassShortNameIndex, java.method.parameter.types, gr.class.super, gr.anonymous.class, java.class.shortname, java.class.fqn, KotlinProbablyNothingFunctionShortNameIndex, gr.annot.method.name, java.anonymous.baseref, java.field.name, kotlin.primeIndexKey, org.jetbrains.kotlin.idea.stubindex.KotlinFileFacadeFqNameIndex, org.jetbrains.kotlin.idea.stubindex.KotlinFileFacadeShortNameIndex, KotlinProbablyNothingPropertyShortNameIndex, org.jetbrains.kotlin.idea.stubindex.KotlinTopLevelPropertyFqnNameIndex, gr.method.name, org.jetbrains.kotlin.idea.stubindex.KotlinFilePartClassIndex, gr.field.name, KotlinTopLevelTypeAliasByPackageIndex, org.jetbrains.kotlin.idea.stubindex.KotlinTopLevelTypeAliasFqNameIndex, KotlinTopLevelExtensionsByReceiverTypeIndex, jvm.static.member.name, KotlinExtensionsInObjectsByReceiverTypeIndex, java.unnamed.class, org.jetbrains.kotlin.idea.stubindex.KotlinTopLevelFunctionFqnNameIndex, properties.index, java.annotations, org.jetbrains.kotlin.idea.stubindex.KotlinAnnotationsIndex, org.jetbrains.kotlin.idea.stubindex.KotlinSuperClassIndex, org.jetbrains.kotlin.idea.stubindex.KotlinExactPackagesIndex, java.method.name, java.module.name, markdown.header.anchor, gr.script.fqn.s, dom.elementClass, org.jetbrains.kotlin.idea.stubindex.KotlinSubclassObjectNameIndex, org.jetbrains.kotlin.idea.stubindex.KotlinPropertyShortNameIndex, KotlinOverridableInternalMembersShortNameIndex, KotlinProbablyContractedFunctionShortNameIndex, markdown.header, org.jetbrains.kotlin.idea.stubindex.KotlinInnerTypeAliasClassIdIndex, gr.script.class, KotlinTopLevelPropertyByPackageIndex, org.jetbrains.kotlin.idea.stubindex.KotlinTopLevelClassByPackageIndex}.
2025-06-05 19:01:41,494 [   3185]   INFO - #c.i.i.p.n.PluginsGroupComponentWithProgress - Marketplace tab: loading stopped
2025-06-05 19:01:41,507 [   3198]   INFO - #c.i.i.p.PluginManagerConfigurable - Marketplace tab: 'Staff Picks' group load started
2025-06-05 19:01:41,679 [   3370]   INFO - #c.i.i.p.PluginManagerConfigurable - Marketplace tab: 'Staff Picks' group load finished
2025-06-05 19:01:41,679 [   3370]   INFO - #c.i.i.p.PluginManagerConfigurable - Marketplace tab: 'New and Updated' group load started
2025-06-05 19:01:41,842 [   3533]   INFO - #c.i.i.p.PluginManagerConfigurable - Marketplace tab: 'New and Updated' group load finished
2025-06-05 19:01:41,842 [   3533]   INFO - #c.i.i.p.PluginManagerConfigurable - Marketplace tab: 'Top Downloads' group load started
2025-06-05 19:01:41,976 [   3667]   INFO - #c.i.w.i.i.j.s.JpsGlobalModelSynchronizerImpl - Loading global entities com.intellij.platform.workspace.jps.entities.SdkEntity from files
2025-06-05 19:01:41,977 [   3668]   INFO - #c.i.w.i.i.j.s.JpsGlobalModelSynchronizerImpl - Loading global entities com.intellij.platform.workspace.jps.entities.LibraryEntity from files
2025-06-05 19:01:42,006 [   3697]   INFO - #c.i.i.p.PluginManagerConfigurable - Marketplace tab: 'Top Downloads' group load finished
2025-06-05 19:01:42,006 [   3697]   INFO - #c.i.i.p.PluginManagerConfigurable - Marketplace tab: 'Top Rated' group load started
2025-06-05 19:01:42,180 [   3871]   INFO - #c.i.i.p.PluginManagerConfigurable - Marketplace tab: 'Top Rated' group load finished
2025-06-05 19:01:42,656 [   4347]   INFO - #c.i.o.a.i.NonBlockingReadActionImpl - OTel monitoring for NonBlockingReadAction is enabled
2025-06-05 19:01:43,236 [   4927] SEVERE - #c.i.BundleBase - 'settings.category.uı.name' is not found in java.util.PropertyResourceBundle@26c0ce3f(messages.SettingsSyncBundle)
java.lang.Throwable: 'settings.category.uı.name' is not found in java.util.PropertyResourceBundle@26c0ce3f(messages.SettingsSyncBundle)
	at com.intellij.openapi.diagnostic.Logger.error(Logger.java:376)
	at com.intellij.BundleBase.useDefaultValue(BundleBase.kt:138)
	at com.intellij.BundleBase.messageOrDefault(BundleBase.kt:85)
	at com.intellij.AbstractBundle.getMessage(AbstractBundle.java:59)
	at com.intellij.settingsSync.SettingsSyncBundle.message(SettingsSyncBundle.kt:14)
	at com.intellij.settingsSync.config.SyncCategoryHolder$Category.getName(SyncCategoryHolder.kt:77)
	at com.intellij.settingsSync.config.SyncCategoryHolder.getName(SyncCategoryHolder.kt:17)
	at com.intellij.settingsSync.config.SettingsSyncPanelFactory$createPanel$1$2$1.invoke(SettingsSyncPanelFactory.kt:45)
	at com.intellij.settingsSync.config.SettingsSyncPanelFactory$createPanel$1$2$1.invoke(SettingsSyncPanelFactory.kt:33)
	at com.intellij.ui.dsl.builder.impl.PanelImpl.row(PanelImpl.kt:57)
	at com.intellij.ui.dsl.builder.impl.PanelImpl.row(PanelImpl.kt:19)
	at com.intellij.ui.dsl.builder.Panel.row$default(Panel.kt:75)
	at com.intellij.settingsSync.config.SettingsSyncPanelFactory$createPanel$1$2.invoke(SettingsSyncPanelFactory.kt:33)
	at com.intellij.settingsSync.config.SettingsSyncPanelFactory$createPanel$1$2.invoke(SettingsSyncPanelFactory.kt:32)
	at com.intellij.ui.dsl.builder.impl.PanelImpl.indent(PanelImpl.kt:361)
	at com.intellij.ui.dsl.builder.impl.PanelImpl.indent(PanelImpl.kt:19)
	at com.intellij.settingsSync.config.SettingsSyncPanelFactory$createPanel$1.invoke(SettingsSyncPanelFactory.kt:32)
	at com.intellij.settingsSync.config.SettingsSyncPanelFactory$createPanel$1.invoke(SettingsSyncPanelFactory.kt:26)
	at com.intellij.ui.dsl.builder.BuilderKt.panel(builder.kt:19)
	at com.intellij.settingsSync.config.SettingsSyncPanelFactory.createPanel(SettingsSyncPanelFactory.kt:26)
	at com.intellij.settingsSync.config.SettingsSyncConfigurable.createPanel(SettingsSyncConfigurable.kt:132)
	at com.intellij.openapi.options.DslConfigurableBase$panel$1.compute(BoundConfigurable.kt:35)
	at com.intellij.openapi.options.DslConfigurableBase$panel$1.compute(BoundConfigurable.kt:30)
	at com.intellij.openapi.util.ClearableLazyValue.getValue(ClearableLazyValue.java:43)
	at com.intellij.openapi.options.DslConfigurableBase.createComponent(BoundConfigurable.kt:43)
	at com.intellij.openapi.options.ex.ConfigurableWrapper.createComponent(ConfigurableWrapper.java:181)
	at com.intellij.ide.ui.search.SearchUtil.processConfigurables(SearchUtil.java:72)
	at com.intellij.ide.ui.search.TraverseUIStarter.lambda$startup$0(TraverseUIStarter.java:116)
	at java.desktop/java.awt.event.InvocationEvent.dispatch(InvocationEvent.java:308)
	at java.desktop/java.awt.EventQueue.dispatchEventImpl(EventQueue.java:792)
	at java.desktop/java.awt.EventQueue$3.run(EventQueue.java:739)
	at java.desktop/java.awt.EventQueue$3.run(EventQueue.java:733)
	at java.base/java.security.AccessController.doPrivileged(AccessController.java:399)
	at java.base/java.security.ProtectionDomain$JavaSecurityAccessImpl.doIntersectionPrivilege(ProtectionDomain.java:86)
	at java.desktop/java.awt.EventQueue.dispatchEvent(EventQueue.java:761)
	at com.intellij.ide.IdeEventQueue.defaultDispatchEvent(IdeEventQueue.kt:698)
	at com.intellij.ide.IdeEventQueue._dispatchEvent$lambda$12(IdeEventQueue.kt:593)
	at com.intellij.openapi.application.impl.RwLockHolder.runWithoutImplicitRead(RwLockHolder.kt:105)
	at com.intellij.ide.IdeEventQueue._dispatchEvent(IdeEventQueue.kt:593)
	at com.intellij.ide.IdeEventQueue.access$_dispatchEvent(IdeEventQueue.kt:77)
	at com.intellij.ide.IdeEventQueue$dispatchEvent$processEventRunnable$1$1.invoke(IdeEventQueue.kt:358)
	at com.intellij.ide.IdeEventQueue$dispatchEvent$processEventRunnable$1$1.invoke(IdeEventQueue.kt:356)
	at com.intellij.ide.IdeEventQueueKt.performActivity$lambda$1(IdeEventQueue.kt:1021)
	at com.intellij.openapi.application.TransactionGuardImpl.performActivity(TransactionGuardImpl.java:106)
	at com.intellij.ide.IdeEventQueueKt.performActivity(IdeEventQueue.kt:1021)
	at com.intellij.ide.IdeEventQueue.dispatchEvent$lambda$7(IdeEventQueue.kt:356)
	at com.intellij.openapi.application.impl.RwLockHolder.runIntendedWriteActionOnCurrentThread(RwLockHolder.kt:209)
	at com.intellij.openapi.application.impl.ApplicationImpl.runIntendedWriteActionOnCurrentThread(ApplicationImpl.java:830)
	at com.intellij.ide.IdeEventQueue.dispatchEvent(IdeEventQueue.kt:398)
	at java.desktop/java.awt.EventDispatchThread.pumpOneEventForFilters(EventDispatchThread.java:207)
	at java.desktop/java.awt.EventDispatchThread.pumpEventsForFilter(EventDispatchThread.java:128)
	at java.desktop/java.awt.EventDispatchThread.pumpEventsForHierarchy(EventDispatchThread.java:117)
	at java.desktop/java.awt.EventDispatchThread.pumpEvents(EventDispatchThread.java:113)
	at java.desktop/java.awt.EventDispatchThread.pumpEvents(EventDispatchThread.java:105)
	at java.desktop/java.awt.EventDispatchThread.run(EventDispatchThread.java:92)
2025-06-05 19:01:43,239 [   4930] SEVERE - #c.i.BundleBase - IntelliJ IDEA 2024.1  Build #IC-241.14494.240
2025-06-05 19:01:43,239 [   4930] SEVERE - #c.i.BundleBase - JDK: 17.0.10; VM: OpenJDK 64-Bit Server VM; Vendor: JetBrains s.r.o.
2025-06-05 19:01:43,239 [   4930] SEVERE - #c.i.BundleBase - OS: Mac OS X
2025-06-05 19:01:43,240 [   4931] SEVERE - #c.i.BundleBase - Last Action: 
2025-06-05 19:01:43,247 [   4938] SEVERE - #c.i.BundleBase - 'settings.category.uı.description' is not found in java.util.PropertyResourceBundle@26c0ce3f(messages.SettingsSyncBundle)
java.lang.Throwable: 'settings.category.uı.description' is not found in java.util.PropertyResourceBundle@26c0ce3f(messages.SettingsSyncBundle)
	at com.intellij.openapi.diagnostic.Logger.error(Logger.java:376)
	at com.intellij.BundleBase.useDefaultValue(BundleBase.kt:138)
	at com.intellij.BundleBase.messageOrDefault(BundleBase.kt:85)
	at com.intellij.AbstractBundle.getMessage(AbstractBundle.java:59)
	at com.intellij.settingsSync.SettingsSyncBundle.message(SettingsSyncBundle.kt:14)
	at com.intellij.settingsSync.config.SyncCategoryHolder$Category.getDescription(SyncCategoryHolder.kt:82)
	at com.intellij.settingsSync.config.SyncCategoryHolder.getDescription(SyncCategoryHolder.kt:20)
	at com.intellij.settingsSync.config.SettingsSyncPanelFactory$createPanel$1$2$1.invoke(SettingsSyncPanelFactory.kt:57)
	at com.intellij.settingsSync.config.SettingsSyncPanelFactory$createPanel$1$2$1.invoke(SettingsSyncPanelFactory.kt:33)
	at com.intellij.ui.dsl.builder.impl.PanelImpl.row(PanelImpl.kt:57)
	at com.intellij.ui.dsl.builder.impl.PanelImpl.row(PanelImpl.kt:19)
	at com.intellij.ui.dsl.builder.Panel.row$default(Panel.kt:75)
	at com.intellij.settingsSync.config.SettingsSyncPanelFactory$createPanel$1$2.invoke(SettingsSyncPanelFactory.kt:33)
	at com.intellij.settingsSync.config.SettingsSyncPanelFactory$createPanel$1$2.invoke(SettingsSyncPanelFactory.kt:32)
	at com.intellij.ui.dsl.builder.impl.PanelImpl.indent(PanelImpl.kt:361)
	at com.intellij.ui.dsl.builder.impl.PanelImpl.indent(PanelImpl.kt:19)
	at com.intellij.settingsSync.config.SettingsSyncPanelFactory$createPanel$1.invoke(SettingsSyncPanelFactory.kt:32)
	at com.intellij.settingsSync.config.SettingsSyncPanelFactory$createPanel$1.invoke(SettingsSyncPanelFactory.kt:26)
	at com.intellij.ui.dsl.builder.BuilderKt.panel(builder.kt:19)
	at com.intellij.settingsSync.config.SettingsSyncPanelFactory.createPanel(SettingsSyncPanelFactory.kt:26)
	at com.intellij.settingsSync.config.SettingsSyncConfigurable.createPanel(SettingsSyncConfigurable.kt:132)
	at com.intellij.openapi.options.DslConfigurableBase$panel$1.compute(BoundConfigurable.kt:35)
	at com.intellij.openapi.options.DslConfigurableBase$panel$1.compute(BoundConfigurable.kt:30)
	at com.intellij.openapi.util.ClearableLazyValue.getValue(ClearableLazyValue.java:43)
	at com.intellij.openapi.options.DslConfigurableBase.createComponent(BoundConfigurable.kt:43)
	at com.intellij.openapi.options.ex.ConfigurableWrapper.createComponent(ConfigurableWrapper.java:181)
	at com.intellij.ide.ui.search.SearchUtil.processConfigurables(SearchUtil.java:72)
	at com.intellij.ide.ui.search.TraverseUIStarter.lambda$startup$0(TraverseUIStarter.java:116)
	at java.desktop/java.awt.event.InvocationEvent.dispatch(InvocationEvent.java:308)
	at java.desktop/java.awt.EventQueue.dispatchEventImpl(EventQueue.java:792)
	at java.desktop/java.awt.EventQueue$3.run(EventQueue.java:739)
	at java.desktop/java.awt.EventQueue$3.run(EventQueue.java:733)
	at java.base/java.security.AccessController.doPrivileged(AccessController.java:399)
	at java.base/java.security.ProtectionDomain$JavaSecurityAccessImpl.doIntersectionPrivilege(ProtectionDomain.java:86)
	at java.desktop/java.awt.EventQueue.dispatchEvent(EventQueue.java:761)
	at com.intellij.ide.IdeEventQueue.defaultDispatchEvent(IdeEventQueue.kt:698)
	at com.intellij.ide.IdeEventQueue._dispatchEvent$lambda$12(IdeEventQueue.kt:593)
	at com.intellij.openapi.application.impl.RwLockHolder.runWithoutImplicitRead(RwLockHolder.kt:105)
	at com.intellij.ide.IdeEventQueue._dispatchEvent(IdeEventQueue.kt:593)
	at com.intellij.ide.IdeEventQueue.access$_dispatchEvent(IdeEventQueue.kt:77)
	at com.intellij.ide.IdeEventQueue$dispatchEvent$processEventRunnable$1$1.invoke(IdeEventQueue.kt:358)
	at com.intellij.ide.IdeEventQueue$dispatchEvent$processEventRunnable$1$1.invoke(IdeEventQueue.kt:356)
	at com.intellij.ide.IdeEventQueueKt.performActivity$lambda$1(IdeEventQueue.kt:1021)
	at com.intellij.openapi.application.TransactionGuardImpl.performActivity(TransactionGuardImpl.java:106)
	at com.intellij.ide.IdeEventQueueKt.performActivity(IdeEventQueue.kt:1021)
	at com.intellij.ide.IdeEventQueue.dispatchEvent$lambda$7(IdeEventQueue.kt:356)
	at com.intellij.openapi.application.impl.RwLockHolder.runIntendedWriteActionOnCurrentThread(RwLockHolder.kt:209)
	at com.intellij.openapi.application.impl.ApplicationImpl.runIntendedWriteActionOnCurrentThread(ApplicationImpl.java:830)
	at com.intellij.ide.IdeEventQueue.dispatchEvent(IdeEventQueue.kt:398)
	at java.desktop/java.awt.EventDispatchThread.pumpOneEventForFilters(EventDispatchThread.java:207)
	at java.desktop/java.awt.EventDispatchThread.pumpEventsForFilter(EventDispatchThread.java:128)
	at java.desktop/java.awt.EventDispatchThread.pumpEventsForHierarchy(EventDispatchThread.java:117)
	at java.desktop/java.awt.EventDispatchThread.pumpEvents(EventDispatchThread.java:113)
	at java.desktop/java.awt.EventDispatchThread.pumpEvents(EventDispatchThread.java:105)
	at java.desktop/java.awt.EventDispatchThread.run(EventDispatchThread.java:92)
2025-06-05 19:01:43,248 [   4939] SEVERE - #c.i.BundleBase - IntelliJ IDEA 2024.1  Build #IC-241.14494.240
2025-06-05 19:01:43,248 [   4939] SEVERE - #c.i.BundleBase - JDK: 17.0.10; VM: OpenJDK 64-Bit Server VM; Vendor: JetBrains s.r.o.
2025-06-05 19:01:43,248 [   4939] SEVERE - #c.i.BundleBase - OS: Mac OS X
2025-06-05 19:01:43,249 [   4940] SEVERE - #c.i.BundleBase - Last Action: 
2025-06-05 19:01:43,250 [   4941] SEVERE - #c.i.BundleBase - 'settings.category.uı.description' is not found in java.util.PropertyResourceBundle@26c0ce3f(messages.SettingsSyncBundle)
java.lang.Throwable: 'settings.category.uı.description' is not found in java.util.PropertyResourceBundle@26c0ce3f(messages.SettingsSyncBundle)
	at com.intellij.openapi.diagnostic.Logger.error(Logger.java:376)
	at com.intellij.BundleBase.useDefaultValue(BundleBase.kt:138)
	at com.intellij.BundleBase.messageOrDefault(BundleBase.kt:85)
	at com.intellij.AbstractBundle.getMessage(AbstractBundle.java:59)
	at com.intellij.settingsSync.SettingsSyncBundle.message(SettingsSyncBundle.kt:14)
	at com.intellij.settingsSync.config.SyncCategoryHolder$Category.getDescription(SyncCategoryHolder.kt:82)
	at com.intellij.settingsSync.config.SyncCategoryHolder.getDescription(SyncCategoryHolder.kt:20)
	at com.intellij.settingsSync.config.SettingsSyncPanelFactory$createPanel$1$2$1.invoke(SettingsSyncPanelFactory.kt:57)
	at com.intellij.settingsSync.config.SettingsSyncPanelFactory$createPanel$1$2$1.invoke(SettingsSyncPanelFactory.kt:33)
	at com.intellij.ui.dsl.builder.impl.PanelImpl.row(PanelImpl.kt:57)
	at com.intellij.ui.dsl.builder.impl.PanelImpl.row(PanelImpl.kt:19)
	at com.intellij.ui.dsl.builder.Panel.row$default(Panel.kt:75)
	at com.intellij.settingsSync.config.SettingsSyncPanelFactory$createPanel$1$2.invoke(SettingsSyncPanelFactory.kt:33)
	at com.intellij.settingsSync.config.SettingsSyncPanelFactory$createPanel$1$2.invoke(SettingsSyncPanelFactory.kt:32)
	at com.intellij.ui.dsl.builder.impl.PanelImpl.indent(PanelImpl.kt:361)
	at com.intellij.ui.dsl.builder.impl.PanelImpl.indent(PanelImpl.kt:19)
	at com.intellij.settingsSync.config.SettingsSyncPanelFactory$createPanel$1.invoke(SettingsSyncPanelFactory.kt:32)
	at com.intellij.settingsSync.config.SettingsSyncPanelFactory$createPanel$1.invoke(SettingsSyncPanelFactory.kt:26)
	at com.intellij.ui.dsl.builder.BuilderKt.panel(builder.kt:19)
	at com.intellij.settingsSync.config.SettingsSyncPanelFactory.createPanel(SettingsSyncPanelFactory.kt:26)
	at com.intellij.settingsSync.config.SettingsSyncConfigurable.createPanel(SettingsSyncConfigurable.kt:132)
	at com.intellij.openapi.options.DslConfigurableBase$panel$1.compute(BoundConfigurable.kt:35)
	at com.intellij.openapi.options.DslConfigurableBase$panel$1.compute(BoundConfigurable.kt:30)
	at com.intellij.openapi.util.ClearableLazyValue.getValue(ClearableLazyValue.java:43)
	at com.intellij.openapi.options.DslConfigurableBase.createComponent(BoundConfigurable.kt:43)
	at com.intellij.openapi.options.ex.ConfigurableWrapper.createComponent(ConfigurableWrapper.java:181)
	at com.intellij.ide.ui.search.SearchUtil.processConfigurables(SearchUtil.java:72)
	at com.intellij.ide.ui.search.TraverseUIStarter.lambda$startup$0(TraverseUIStarter.java:116)
	at java.desktop/java.awt.event.InvocationEvent.dispatch(InvocationEvent.java:308)
	at java.desktop/java.awt.EventQueue.dispatchEventImpl(EventQueue.java:792)
	at java.desktop/java.awt.EventQueue$3.run(EventQueue.java:739)
	at java.desktop/java.awt.EventQueue$3.run(EventQueue.java:733)
	at java.base/java.security.AccessController.doPrivileged(AccessController.java:399)
	at java.base/java.security.ProtectionDomain$JavaSecurityAccessImpl.doIntersectionPrivilege(ProtectionDomain.java:86)
	at java.desktop/java.awt.EventQueue.dispatchEvent(EventQueue.java:761)
	at com.intellij.ide.IdeEventQueue.defaultDispatchEvent(IdeEventQueue.kt:698)
	at com.intellij.ide.IdeEventQueue._dispatchEvent$lambda$12(IdeEventQueue.kt:593)
	at com.intellij.openapi.application.impl.RwLockHolder.runWithoutImplicitRead(RwLockHolder.kt:105)
	at com.intellij.ide.IdeEventQueue._dispatchEvent(IdeEventQueue.kt:593)
	at com.intellij.ide.IdeEventQueue.access$_dispatchEvent(IdeEventQueue.kt:77)
	at com.intellij.ide.IdeEventQueue$dispatchEvent$processEventRunnable$1$1.invoke(IdeEventQueue.kt:358)
	at com.intellij.ide.IdeEventQueue$dispatchEvent$processEventRunnable$1$1.invoke(IdeEventQueue.kt:356)
	at com.intellij.ide.IdeEventQueueKt.performActivity$lambda$1(IdeEventQueue.kt:1021)
	at com.intellij.openapi.application.TransactionGuardImpl.performActivity(TransactionGuardImpl.java:106)
	at com.intellij.ide.IdeEventQueueKt.performActivity(IdeEventQueue.kt:1021)
	at com.intellij.ide.IdeEventQueue.dispatchEvent$lambda$7(IdeEventQueue.kt:356)
	at com.intellij.openapi.application.impl.RwLockHolder.runIntendedWriteActionOnCurrentThread(RwLockHolder.kt:209)
	at com.intellij.openapi.application.impl.ApplicationImpl.runIntendedWriteActionOnCurrentThread(ApplicationImpl.java:830)
	at com.intellij.ide.IdeEventQueue.dispatchEvent(IdeEventQueue.kt:398)
	at java.desktop/java.awt.EventDispatchThread.pumpOneEventForFilters(EventDispatchThread.java:207)
	at java.desktop/java.awt.EventDispatchThread.pumpEventsForFilter(EventDispatchThread.java:128)
	at java.desktop/java.awt.EventDispatchThread.pumpEventsForHierarchy(EventDispatchThread.java:117)
	at java.desktop/java.awt.EventDispatchThread.pumpEvents(EventDispatchThread.java:113)
	at java.desktop/java.awt.EventDispatchThread.pumpEvents(EventDispatchThread.java:105)
	at java.desktop/java.awt.EventDispatchThread.run(EventDispatchThread.java:92)
2025-06-05 19:01:43,251 [   4942] SEVERE - #c.i.BundleBase - IntelliJ IDEA 2024.1  Build #IC-241.14494.240
2025-06-05 19:01:43,251 [   4942] SEVERE - #c.i.BundleBase - JDK: 17.0.10; VM: OpenJDK 64-Bit Server VM; Vendor: JetBrains s.r.o.
2025-06-05 19:01:43,252 [   4943] SEVERE - #c.i.BundleBase - OS: Mac OS X
2025-06-05 19:01:43,252 [   4943] SEVERE - #c.i.BundleBase - Last Action: 
2025-06-05 19:01:43,254 [   4945] SEVERE - #c.i.BundleBase - 'settings.category.plugıns.name' is not found in java.util.PropertyResourceBundle@26c0ce3f(messages.SettingsSyncBundle)
java.lang.Throwable: 'settings.category.plugıns.name' is not found in java.util.PropertyResourceBundle@26c0ce3f(messages.SettingsSyncBundle)
	at com.intellij.openapi.diagnostic.Logger.error(Logger.java:376)
	at com.intellij.BundleBase.useDefaultValue(BundleBase.kt:138)
	at com.intellij.BundleBase.messageOrDefault(BundleBase.kt:85)
	at com.intellij.AbstractBundle.getMessage(AbstractBundle.java:59)
	at com.intellij.settingsSync.SettingsSyncBundle.message(SettingsSyncBundle.kt:14)
	at com.intellij.settingsSync.config.SyncCategoryHolder$Category.getName(SyncCategoryHolder.kt:77)
	at com.intellij.settingsSync.config.SyncCategoryHolder.getName(SyncCategoryHolder.kt:17)
	at com.intellij.settingsSync.config.SettingsSyncPanelFactory$createPanel$1$2$1.invoke(SettingsSyncPanelFactory.kt:45)
	at com.intellij.settingsSync.config.SettingsSyncPanelFactory$createPanel$1$2$1.invoke(SettingsSyncPanelFactory.kt:33)
	at com.intellij.ui.dsl.builder.impl.PanelImpl.row(PanelImpl.kt:57)
	at com.intellij.ui.dsl.builder.impl.PanelImpl.row(PanelImpl.kt:19)
	at com.intellij.ui.dsl.builder.Panel.row$default(Panel.kt:75)
	at com.intellij.settingsSync.config.SettingsSyncPanelFactory$createPanel$1$2.invoke(SettingsSyncPanelFactory.kt:33)
	at com.intellij.settingsSync.config.SettingsSyncPanelFactory$createPanel$1$2.invoke(SettingsSyncPanelFactory.kt:32)
	at com.intellij.ui.dsl.builder.impl.PanelImpl.indent(PanelImpl.kt:361)
	at com.intellij.ui.dsl.builder.impl.PanelImpl.indent(PanelImpl.kt:19)
	at com.intellij.settingsSync.config.SettingsSyncPanelFactory$createPanel$1.invoke(SettingsSyncPanelFactory.kt:32)
	at com.intellij.settingsSync.config.SettingsSyncPanelFactory$createPanel$1.invoke(SettingsSyncPanelFactory.kt:26)
	at com.intellij.ui.dsl.builder.BuilderKt.panel(builder.kt:19)
	at com.intellij.settingsSync.config.SettingsSyncPanelFactory.createPanel(SettingsSyncPanelFactory.kt:26)
	at com.intellij.settingsSync.config.SettingsSyncConfigurable.createPanel(SettingsSyncConfigurable.kt:132)
	at com.intellij.openapi.options.DslConfigurableBase$panel$1.compute(BoundConfigurable.kt:35)
	at com.intellij.openapi.options.DslConfigurableBase$panel$1.compute(BoundConfigurable.kt:30)
	at com.intellij.openapi.util.ClearableLazyValue.getValue(ClearableLazyValue.java:43)
	at com.intellij.openapi.options.DslConfigurableBase.createComponent(BoundConfigurable.kt:43)
	at com.intellij.openapi.options.ex.ConfigurableWrapper.createComponent(ConfigurableWrapper.java:181)
	at com.intellij.ide.ui.search.SearchUtil.processConfigurables(SearchUtil.java:72)
	at com.intellij.ide.ui.search.TraverseUIStarter.lambda$startup$0(TraverseUIStarter.java:116)
	at java.desktop/java.awt.event.InvocationEvent.dispatch(InvocationEvent.java:308)
	at java.desktop/java.awt.EventQueue.dispatchEventImpl(EventQueue.java:792)
	at java.desktop/java.awt.EventQueue$3.run(EventQueue.java:739)
	at java.desktop/java.awt.EventQueue$3.run(EventQueue.java:733)
	at java.base/java.security.AccessController.doPrivileged(AccessController.java:399)
	at java.base/java.security.ProtectionDomain$JavaSecurityAccessImpl.doIntersectionPrivilege(ProtectionDomain.java:86)
	at java.desktop/java.awt.EventQueue.dispatchEvent(EventQueue.java:761)
	at com.intellij.ide.IdeEventQueue.defaultDispatchEvent(IdeEventQueue.kt:698)
	at com.intellij.ide.IdeEventQueue._dispatchEvent$lambda$12(IdeEventQueue.kt:593)
	at com.intellij.openapi.application.impl.RwLockHolder.runWithoutImplicitRead(RwLockHolder.kt:105)
	at com.intellij.ide.IdeEventQueue._dispatchEvent(IdeEventQueue.kt:593)
	at com.intellij.ide.IdeEventQueue.access$_dispatchEvent(IdeEventQueue.kt:77)
	at com.intellij.ide.IdeEventQueue$dispatchEvent$processEventRunnable$1$1.invoke(IdeEventQueue.kt:358)
	at com.intellij.ide.IdeEventQueue$dispatchEvent$processEventRunnable$1$1.invoke(IdeEventQueue.kt:356)
	at com.intellij.ide.IdeEventQueueKt.performActivity$lambda$1(IdeEventQueue.kt:1021)
	at com.intellij.openapi.application.TransactionGuardImpl.performActivity(TransactionGuardImpl.java:106)
	at com.intellij.ide.IdeEventQueueKt.performActivity(IdeEventQueue.kt:1021)
	at com.intellij.ide.IdeEventQueue.dispatchEvent$lambda$7(IdeEventQueue.kt:356)
	at com.intellij.openapi.application.impl.RwLockHolder.runIntendedWriteActionOnCurrentThread(RwLockHolder.kt:209)
	at com.intellij.openapi.application.impl.ApplicationImpl.runIntendedWriteActionOnCurrentThread(ApplicationImpl.java:830)
	at com.intellij.ide.IdeEventQueue.dispatchEvent(IdeEventQueue.kt:398)
	at java.desktop/java.awt.EventDispatchThread.pumpOneEventForFilters(EventDispatchThread.java:207)
	at java.desktop/java.awt.EventDispatchThread.pumpEventsForFilter(EventDispatchThread.java:128)
	at java.desktop/java.awt.EventDispatchThread.pumpEventsForHierarchy(EventDispatchThread.java:117)
	at java.desktop/java.awt.EventDispatchThread.pumpEvents(EventDispatchThread.java:113)
	at java.desktop/java.awt.EventDispatchThread.pumpEvents(EventDispatchThread.java:105)
	at java.desktop/java.awt.EventDispatchThread.run(EventDispatchThread.java:92)
2025-06-05 19:01:43,256 [   4947] SEVERE - #c.i.BundleBase - IntelliJ IDEA 2024.1  Build #IC-241.14494.240
2025-06-05 19:01:43,256 [   4947] SEVERE - #c.i.BundleBase - JDK: 17.0.10; VM: OpenJDK 64-Bit Server VM; Vendor: JetBrains s.r.o.
2025-06-05 19:01:43,256 [   4947] SEVERE - #c.i.BundleBase - OS: Mac OS X
2025-06-05 19:01:43,256 [   4947] SEVERE - #c.i.BundleBase - Last Action: 
2025-06-05 19:01:43,256 [   4947] SEVERE - #c.i.BundleBase - 'settings.category.plugıns.description' is not found in java.util.PropertyResourceBundle@26c0ce3f(messages.SettingsSyncBundle)
java.lang.Throwable: 'settings.category.plugıns.description' is not found in java.util.PropertyResourceBundle@26c0ce3f(messages.SettingsSyncBundle)
	at com.intellij.openapi.diagnostic.Logger.error(Logger.java:376)
	at com.intellij.BundleBase.useDefaultValue(BundleBase.kt:138)
	at com.intellij.BundleBase.messageOrDefault(BundleBase.kt:85)
	at com.intellij.AbstractBundle.getMessage(AbstractBundle.java:59)
	at com.intellij.settingsSync.SettingsSyncBundle.message(SettingsSyncBundle.kt:14)
	at com.intellij.settingsSync.config.SyncCategoryHolder$Category.getDescription(SyncCategoryHolder.kt:82)
	at com.intellij.settingsSync.config.SyncCategoryHolder.getDescription(SyncCategoryHolder.kt:20)
	at com.intellij.settingsSync.config.SettingsSyncPanelFactory$createPanel$1$2$1.invoke(SettingsSyncPanelFactory.kt:57)
	at com.intellij.settingsSync.config.SettingsSyncPanelFactory$createPanel$1$2$1.invoke(SettingsSyncPanelFactory.kt:33)
	at com.intellij.ui.dsl.builder.impl.PanelImpl.row(PanelImpl.kt:57)
	at com.intellij.ui.dsl.builder.impl.PanelImpl.row(PanelImpl.kt:19)
	at com.intellij.ui.dsl.builder.Panel.row$default(Panel.kt:75)
	at com.intellij.settingsSync.config.SettingsSyncPanelFactory$createPanel$1$2.invoke(SettingsSyncPanelFactory.kt:33)
	at com.intellij.settingsSync.config.SettingsSyncPanelFactory$createPanel$1$2.invoke(SettingsSyncPanelFactory.kt:32)
	at com.intellij.ui.dsl.builder.impl.PanelImpl.indent(PanelImpl.kt:361)
	at com.intellij.ui.dsl.builder.impl.PanelImpl.indent(PanelImpl.kt:19)
	at com.intellij.settingsSync.config.SettingsSyncPanelFactory$createPanel$1.invoke(SettingsSyncPanelFactory.kt:32)
	at com.intellij.settingsSync.config.SettingsSyncPanelFactory$createPanel$1.invoke(SettingsSyncPanelFactory.kt:26)
	at com.intellij.ui.dsl.builder.BuilderKt.panel(builder.kt:19)
	at com.intellij.settingsSync.config.SettingsSyncPanelFactory.createPanel(SettingsSyncPanelFactory.kt:26)
	at com.intellij.settingsSync.config.SettingsSyncConfigurable.createPanel(SettingsSyncConfigurable.kt:132)
	at com.intellij.openapi.options.DslConfigurableBase$panel$1.compute(BoundConfigurable.kt:35)
	at com.intellij.openapi.options.DslConfigurableBase$panel$1.compute(BoundConfigurable.kt:30)
	at com.intellij.openapi.util.ClearableLazyValue.getValue(ClearableLazyValue.java:43)
	at com.intellij.openapi.options.DslConfigurableBase.createComponent(BoundConfigurable.kt:43)
	at com.intellij.openapi.options.ex.ConfigurableWrapper.createComponent(ConfigurableWrapper.java:181)
	at com.intellij.ide.ui.search.SearchUtil.processConfigurables(SearchUtil.java:72)
	at com.intellij.ide.ui.search.TraverseUIStarter.lambda$startup$0(TraverseUIStarter.java:116)
	at java.desktop/java.awt.event.InvocationEvent.dispatch(InvocationEvent.java:308)
	at java.desktop/java.awt.EventQueue.dispatchEventImpl(EventQueue.java:792)
	at java.desktop/java.awt.EventQueue$3.run(EventQueue.java:739)
	at java.desktop/java.awt.EventQueue$3.run(EventQueue.java:733)
	at java.base/java.security.AccessController.doPrivileged(AccessController.java:399)
	at java.base/java.security.ProtectionDomain$JavaSecurityAccessImpl.doIntersectionPrivilege(ProtectionDomain.java:86)
	at java.desktop/java.awt.EventQueue.dispatchEvent(EventQueue.java:761)
	at com.intellij.ide.IdeEventQueue.defaultDispatchEvent(IdeEventQueue.kt:698)
	at com.intellij.ide.IdeEventQueue._dispatchEvent$lambda$12(IdeEventQueue.kt:593)
	at com.intellij.openapi.application.impl.RwLockHolder.runWithoutImplicitRead(RwLockHolder.kt:105)
	at com.intellij.ide.IdeEventQueue._dispatchEvent(IdeEventQueue.kt:593)
	at com.intellij.ide.IdeEventQueue.access$_dispatchEvent(IdeEventQueue.kt:77)
	at com.intellij.ide.IdeEventQueue$dispatchEvent$processEventRunnable$1$1.invoke(IdeEventQueue.kt:358)
	at com.intellij.ide.IdeEventQueue$dispatchEvent$processEventRunnable$1$1.invoke(IdeEventQueue.kt:356)
	at com.intellij.ide.IdeEventQueueKt.performActivity$lambda$1(IdeEventQueue.kt:1021)
	at com.intellij.openapi.application.TransactionGuardImpl.performActivity(TransactionGuardImpl.java:106)
	at com.intellij.ide.IdeEventQueueKt.performActivity(IdeEventQueue.kt:1021)
	at com.intellij.ide.IdeEventQueue.dispatchEvent$lambda$7(IdeEventQueue.kt:356)
	at com.intellij.openapi.application.impl.RwLockHolder.runIntendedWriteActionOnCurrentThread(RwLockHolder.kt:209)
	at com.intellij.openapi.application.impl.ApplicationImpl.runIntendedWriteActionOnCurrentThread(ApplicationImpl.java:830)
	at com.intellij.ide.IdeEventQueue.dispatchEvent(IdeEventQueue.kt:398)
	at java.desktop/java.awt.EventDispatchThread.pumpOneEventForFilters(EventDispatchThread.java:207)
	at java.desktop/java.awt.EventDispatchThread.pumpEventsForFilter(EventDispatchThread.java:128)
	at java.desktop/java.awt.EventDispatchThread.pumpEventsForHierarchy(EventDispatchThread.java:117)
	at java.desktop/java.awt.EventDispatchThread.pumpEvents(EventDispatchThread.java:113)
	at java.desktop/java.awt.EventDispatchThread.pumpEvents(EventDispatchThread.java:105)
	at java.desktop/java.awt.EventDispatchThread.run(EventDispatchThread.java:92)
2025-06-05 19:01:43,257 [   4948] SEVERE - #c.i.BundleBase - IntelliJ IDEA 2024.1  Build #IC-241.14494.240
2025-06-05 19:01:43,258 [   4949] SEVERE - #c.i.BundleBase - JDK: 17.0.10; VM: OpenJDK 64-Bit Server VM; Vendor: JetBrains s.r.o.
2025-06-05 19:01:43,258 [   4949] SEVERE - #c.i.BundleBase - OS: Mac OS X
2025-06-05 19:01:43,258 [   4949] SEVERE - #c.i.BundleBase - Last Action: 
2025-06-05 19:01:43,259 [   4950] SEVERE - #c.i.BundleBase - 'settings.category.plugıns.description' is not found in java.util.PropertyResourceBundle@26c0ce3f(messages.SettingsSyncBundle)
java.lang.Throwable: 'settings.category.plugıns.description' is not found in java.util.PropertyResourceBundle@26c0ce3f(messages.SettingsSyncBundle)
	at com.intellij.openapi.diagnostic.Logger.error(Logger.java:376)
	at com.intellij.BundleBase.useDefaultValue(BundleBase.kt:138)
	at com.intellij.BundleBase.messageOrDefault(BundleBase.kt:85)
	at com.intellij.AbstractBundle.getMessage(AbstractBundle.java:59)
	at com.intellij.settingsSync.SettingsSyncBundle.message(SettingsSyncBundle.kt:14)
	at com.intellij.settingsSync.config.SyncCategoryHolder$Category.getDescription(SyncCategoryHolder.kt:82)
	at com.intellij.settingsSync.config.SyncCategoryHolder.getDescription(SyncCategoryHolder.kt:20)
	at com.intellij.settingsSync.config.SettingsSyncPanelFactory$createPanel$1$2$1.invoke(SettingsSyncPanelFactory.kt:57)
	at com.intellij.settingsSync.config.SettingsSyncPanelFactory$createPanel$1$2$1.invoke(SettingsSyncPanelFactory.kt:33)
	at com.intellij.ui.dsl.builder.impl.PanelImpl.row(PanelImpl.kt:57)
	at com.intellij.ui.dsl.builder.impl.PanelImpl.row(PanelImpl.kt:19)
	at com.intellij.ui.dsl.builder.Panel.row$default(Panel.kt:75)
	at com.intellij.settingsSync.config.SettingsSyncPanelFactory$createPanel$1$2.invoke(SettingsSyncPanelFactory.kt:33)
	at com.intellij.settingsSync.config.SettingsSyncPanelFactory$createPanel$1$2.invoke(SettingsSyncPanelFactory.kt:32)
	at com.intellij.ui.dsl.builder.impl.PanelImpl.indent(PanelImpl.kt:361)
	at com.intellij.ui.dsl.builder.impl.PanelImpl.indent(PanelImpl.kt:19)
	at com.intellij.settingsSync.config.SettingsSyncPanelFactory$createPanel$1.invoke(SettingsSyncPanelFactory.kt:32)
	at com.intellij.settingsSync.config.SettingsSyncPanelFactory$createPanel$1.invoke(SettingsSyncPanelFactory.kt:26)
	at com.intellij.ui.dsl.builder.BuilderKt.panel(builder.kt:19)
	at com.intellij.settingsSync.config.SettingsSyncPanelFactory.createPanel(SettingsSyncPanelFactory.kt:26)
	at com.intellij.settingsSync.config.SettingsSyncConfigurable.createPanel(SettingsSyncConfigurable.kt:132)
	at com.intellij.openapi.options.DslConfigurableBase$panel$1.compute(BoundConfigurable.kt:35)
	at com.intellij.openapi.options.DslConfigurableBase$panel$1.compute(BoundConfigurable.kt:30)
	at com.intellij.openapi.util.ClearableLazyValue.getValue(ClearableLazyValue.java:43)
	at com.intellij.openapi.options.DslConfigurableBase.createComponent(BoundConfigurable.kt:43)
	at com.intellij.openapi.options.ex.ConfigurableWrapper.createComponent(ConfigurableWrapper.java:181)
	at com.intellij.ide.ui.search.SearchUtil.processConfigurables(SearchUtil.java:72)
	at com.intellij.ide.ui.search.TraverseUIStarter.lambda$startup$0(TraverseUIStarter.java:116)
	at java.desktop/java.awt.event.InvocationEvent.dispatch(InvocationEvent.java:308)
	at java.desktop/java.awt.EventQueue.dispatchEventImpl(EventQueue.java:792)
	at java.desktop/java.awt.EventQueue$3.run(EventQueue.java:739)
	at java.desktop/java.awt.EventQueue$3.run(EventQueue.java:733)
	at java.base/java.security.AccessController.doPrivileged(AccessController.java:399)
	at java.base/java.security.ProtectionDomain$JavaSecurityAccessImpl.doIntersectionPrivilege(ProtectionDomain.java:86)
	at java.desktop/java.awt.EventQueue.dispatchEvent(EventQueue.java:761)
	at com.intellij.ide.IdeEventQueue.defaultDispatchEvent(IdeEventQueue.kt:698)
	at com.intellij.ide.IdeEventQueue._dispatchEvent$lambda$12(IdeEventQueue.kt:593)
	at com.intellij.openapi.application.impl.RwLockHolder.runWithoutImplicitRead(RwLockHolder.kt:105)
	at com.intellij.ide.IdeEventQueue._dispatchEvent(IdeEventQueue.kt:593)
	at com.intellij.ide.IdeEventQueue.access$_dispatchEvent(IdeEventQueue.kt:77)
	at com.intellij.ide.IdeEventQueue$dispatchEvent$processEventRunnable$1$1.invoke(IdeEventQueue.kt:358)
	at com.intellij.ide.IdeEventQueue$dispatchEvent$processEventRunnable$1$1.invoke(IdeEventQueue.kt:356)
	at com.intellij.ide.IdeEventQueueKt.performActivity$lambda$1(IdeEventQueue.kt:1021)
	at com.intellij.openapi.application.TransactionGuardImpl.performActivity(TransactionGuardImpl.java:106)
	at com.intellij.ide.IdeEventQueueKt.performActivity(IdeEventQueue.kt:1021)
	at com.intellij.ide.IdeEventQueue.dispatchEvent$lambda$7(IdeEventQueue.kt:356)
	at com.intellij.openapi.application.impl.RwLockHolder.runIntendedWriteActionOnCurrentThread(RwLockHolder.kt:209)
	at com.intellij.openapi.application.impl.ApplicationImpl.runIntendedWriteActionOnCurrentThread(ApplicationImpl.java:830)
	at com.intellij.ide.IdeEventQueue.dispatchEvent(IdeEventQueue.kt:398)
	at java.desktop/java.awt.EventDispatchThread.pumpOneEventForFilters(EventDispatchThread.java:207)
	at java.desktop/java.awt.EventDispatchThread.pumpEventsForFilter(EventDispatchThread.java:128)
	at java.desktop/java.awt.EventDispatchThread.pumpEventsForHierarchy(EventDispatchThread.java:117)
	at java.desktop/java.awt.EventDispatchThread.pumpEvents(EventDispatchThread.java:113)
	at java.desktop/java.awt.EventDispatchThread.pumpEvents(EventDispatchThread.java:105)
	at java.desktop/java.awt.EventDispatchThread.run(EventDispatchThread.java:92)
2025-06-05 19:01:43,260 [   4951] SEVERE - #c.i.BundleBase - IntelliJ IDEA 2024.1  Build #IC-241.14494.240
2025-06-05 19:01:43,260 [   4951] SEVERE - #c.i.BundleBase - JDK: 17.0.10; VM: OpenJDK 64-Bit Server VM; Vendor: JetBrains s.r.o.
2025-06-05 19:01:43,260 [   4951] SEVERE - #c.i.BundleBase - OS: Mac OS X
2025-06-05 19:01:43,260 [   4951] SEVERE - #c.i.BundleBase - Last Action: 
2025-06-05 19:01:44,642 [   6333]   INFO - #c.i.r.OsRegistryConfigProvider - Looking for 'lobbyServerUrl' value in [/Library/Application Support/JetBrains/CodeWithMe/lobbyServerUrl, /Library/Application Support/JetBrains/CodeWithMe/config.json, /Users/yunus/Library/Application Support/JetBrains/CodeWithMe/lobbyServerUrl, /Users/yunus/Library/Application Support/JetBrains/CodeWithMe/config.json]
2025-06-05 19:01:44,643 [   6334]   INFO - #c.i.r.OsRegistryConfigProvider - OS provided value for 'lobbyServerUrl' is not found
2025-06-05 19:01:44,643 [   6334]   INFO - #c.j.r.p.c.u.CodeWithMeSystemSettings - Setting default value='https://code-with-me.jetbrains.com'
2025-06-05 19:01:44,655 [   6346]   INFO - #c.i.r.OsRegistryConfigProvider - Looking for 'lobbyServerUrl' value in [/Library/Application Support/JetBrains/CodeWithMe/lobbyServerUrl, /Library/Application Support/JetBrains/CodeWithMe/config.json, /Users/yunus/Library/Application Support/JetBrains/CodeWithMe/lobbyServerUrl, /Users/yunus/Library/Application Support/JetBrains/CodeWithMe/config.json]
2025-06-05 19:01:44,655 [   6346]   INFO - #c.i.r.OsRegistryConfigProvider - OS provided value for 'lobbyServerUrl' is not found
2025-06-05 19:01:44,655 [   6346]   INFO - #c.j.r.p.c.u.CodeWithMeSystemSettings - Setting default value='https://code-with-me.jetbrains.com'
2025-06-05 19:01:45,814 [   7505]   WARN - #c.i.u.j.JBCefApp - JCEF is manually disabled in headless env via 'ide.browser.jcef.headless.enabled=false'
2025-06-05 19:01:46,422 [   8113]   INFO - STDOUT - Found 206 configurables
2025-06-05 19:01:46,434 [   8125]   INFO - #c.i.i.p.n.PluginsGroupComponentWithProgress - Marketplace tab: loading stopped
2025-06-05 19:01:47,025 [   8716]   WARN - #c.i.o.a.ActionStub - ActionGroup should be registered using <group> tag: id="GitBranchesTreePopupFilterSeparatorWithText" class="git4idea.ui.branch.popup.GitBranchesTreePopupFilterSeparatorWithText"
2025-06-05 19:01:47,630 [   9321]   INFO - STDOUT - Output written to /Users/yunus/Workspace/Cursor/idea-take-note-plugin/build/searchableOptions/textmate.jar/search/textmate.jar.searchableOptions.xml
2025-06-05 19:01:47,633 [   9324]   INFO - STDOUT - Output written to /Users/yunus/Workspace/Cursor/idea-take-note-plugin/build/searchableOptions/markdown.jar/search/markdown.jar.searchableOptions.xml
2025-06-05 19:01:47,634 [   9325]   INFO - STDOUT - Output written to /Users/yunus/Workspace/Cursor/idea-take-note-plugin/build/searchableOptions/IntelliLang.jar/search/IntelliLang.jar.searchableOptions.xml
2025-06-05 19:01:47,636 [   9327]   INFO - STDOUT - Output written to /Users/yunus/Workspace/Cursor/idea-take-note-plugin/build/searchableOptions/eclipse.jar/search/eclipse.jar.searchableOptions.xml
2025-06-05 19:01:47,637 [   9328]   INFO - STDOUT - Output written to /Users/yunus/Workspace/Cursor/idea-take-note-plugin/build/searchableOptions/sh.jar/search/sh.jar.searchableOptions.xml
2025-06-05 19:01:47,637 [   9328]   INFO - STDOUT - Output written to /Users/yunus/Workspace/Cursor/idea-take-note-plugin/build/searchableOptions/tasks-core.jar/search/tasks-core.jar.searchableOptions.xml
2025-06-05 19:01:47,638 [   9329]   INFO - STDOUT - Output written to /Users/yunus/Workspace/Cursor/idea-take-note-plugin/build/searchableOptions/java-coverage.jar/search/java-coverage.jar.searchableOptions.xml
2025-06-05 19:01:47,638 [   9329]   INFO - STDOUT - Output written to /Users/yunus/Workspace/Cursor/idea-take-note-plugin/build/searchableOptions/java-impl.jar!/search/java-impl.jar!.searchableOptions.xml
2025-06-05 19:01:47,638 [   9329]   INFO - STDOUT - Output written to /Users/yunus/Workspace/Cursor/idea-take-note-plugin/build/searchableOptions/javaFX.jar!/search/javaFX.jar!.searchableOptions.xml
2025-06-05 19:01:47,640 [   9331]   INFO - STDOUT - Output written to /Users/yunus/Workspace/Cursor/idea-take-note-plugin/build/searchableOptions/kotlin-plugin-shared.jar/search/kotlin-plugin-shared.jar.searchableOptions.xml
2025-06-05 19:01:47,640 [   9331]   INFO - STDOUT - Output written to /Users/yunus/Workspace/Cursor/idea-take-note-plugin/build/searchableOptions/searchEverywhereMl.jar/search/searchEverywhereMl.jar.searchableOptions.xml
2025-06-05 19:01:47,641 [   9332]   INFO - STDOUT - Output written to /Users/yunus/Workspace/Cursor/idea-take-note-plugin/build/searchableOptions/idea-junit.jar!/search/idea-junit.jar!.searchableOptions.xml
2025-06-05 19:01:47,642 [   9333]   INFO - STDOUT - Output written to /Users/yunus/Workspace/Cursor/idea-take-note-plugin/build/searchableOptions/uiDesigner.jar/search/uiDesigner.jar.searchableOptions.xml
2025-06-05 19:01:47,642 [   9333]   INFO - STDOUT - Output written to /Users/yunus/Workspace/Cursor/idea-take-note-plugin/build/searchableOptions/javaFX.jar/search/javaFX.jar.searchableOptions.xml
2025-06-05 19:01:47,643 [   9334]   INFO - STDOUT - Output written to /Users/yunus/Workspace/Cursor/idea-take-note-plugin/build/searchableOptions/dev.jar/search/dev.jar.searchableOptions.xml
2025-06-05 19:01:47,643 [   9334]   INFO - STDOUT - Output written to /Users/yunus/Workspace/Cursor/idea-take-note-plugin/build/searchableOptions/cwm-plugin-terminal.jar/search/cwm-plugin-terminal.jar.searchableOptions.xml
2025-06-05 19:01:47,644 [   9335]   INFO - STDOUT - Output written to /Users/yunus/Workspace/Cursor/idea-take-note-plugin/build/searchableOptions/vcs-svn.jar/search/vcs-svn.jar.searchableOptions.xml
2025-06-05 19:01:47,644 [   9335]   INFO - STDOUT - Output written to /Users/yunus/Workspace/Cursor/idea-take-note-plugin/build/searchableOptions/byteCodeViewer.jar/search/byteCodeViewer.jar.searchableOptions.xml
2025-06-05 19:01:47,645 [   9336]   INFO - STDOUT - Output written to /Users/yunus/Workspace/Cursor/idea-take-note-plugin/build/searchableOptions/testng-plugin.jar!/search/testng-plugin.jar!.searchableOptions.xml
2025-06-05 19:01:47,646 [   9337]   INFO - STDOUT - Output written to /Users/yunus/Workspace/Cursor/idea-take-note-plugin/build/searchableOptions/marketplace.jar/search/marketplace.jar.searchableOptions.xml
2025-06-05 19:01:47,647 [   9338]   INFO - STDOUT - Output written to /Users/yunus/Workspace/Cursor/idea-take-note-plugin/build/searchableOptions/copyright.jar/search/copyright.jar.searchableOptions.xml
2025-06-05 19:01:47,649 [   9340]   INFO - STDOUT - Output written to /Users/yunus/Workspace/Cursor/idea-take-note-plugin/build/searchableOptions/maven.jar/search/maven.jar.searchableOptions.xml
2025-06-05 19:01:47,649 [   9340]   INFO - STDOUT - Output written to /Users/yunus/Workspace/Cursor/idea-take-note-plugin/build/searchableOptions/maven.jar!/search/maven.jar!.searchableOptions.xml
2025-06-05 19:01:47,653 [   9344]   INFO - STDOUT - Output written to /Users/yunus/Workspace/Cursor/idea-take-note-plugin/build/searchableOptions/Groovy.jar/search/Groovy.jar.searchableOptions.xml
2025-06-05 19:01:47,654 [   9345]   INFO - STDOUT - Output written to /Users/yunus/Workspace/Cursor/idea-take-note-plugin/build/searchableOptions/instrumented-idea-take-note-plugin-1.0-SNAPSHOT.jar/search/instrumented-idea-take-note-plugin-1.0-SNAPSHOT.jar.searchableOptions.xml
2025-06-05 19:01:47,655 [   9346]   INFO - STDOUT - Output written to /Users/yunus/Workspace/Cursor/idea-take-note-plugin/build/searchableOptions/gradle-java.jar/search/gradle-java.jar.searchableOptions.xml
2025-06-05 19:01:47,655 [   9346]   INFO - STDOUT - Output written to /Users/yunus/Workspace/Cursor/idea-take-note-plugin/build/searchableOptions/terminal.jar/search/terminal.jar.searchableOptions.xml
2025-06-05 19:01:47,656 [   9347]   INFO - STDOUT - Output written to /Users/yunus/Workspace/Cursor/idea-take-note-plugin/build/searchableOptions/properties.jar/search/properties.jar.searchableOptions.xml
2025-06-05 19:01:47,661 [   9352]   INFO - STDOUT - Output written to /Users/yunus/Workspace/Cursor/idea-take-note-plugin/build/searchableOptions/performanceTesting-async.jar/search/performanceTesting-async.jar.searchableOptions.xml
2025-06-05 19:01:47,669 [   9360]   INFO - STDOUT - Output written to /Users/yunus/Workspace/Cursor/idea-take-note-plugin/build/searchableOptions/java-impl.jar/search/java-impl.jar.searchableOptions.xml
2025-06-05 19:01:47,714 [   9405]   INFO - STDOUT - Output written to /Users/yunus/Workspace/Cursor/idea-take-note-plugin/build/searchableOptions/app-client.jar/search/app-client.jar.searchableOptions.xml
2025-06-05 19:01:47,715 [   9406]   INFO - STDOUT - Output written to /Users/yunus/Workspace/Cursor/idea-take-note-plugin/build/searchableOptions/html-tools.jar/search/html-tools.jar.searchableOptions.xml
2025-06-05 19:01:47,715 [   9406]   INFO - STDOUT - Output written to /Users/yunus/Workspace/Cursor/idea-take-note-plugin/build/searchableOptions/java-debugger-streams.jar/search/java-debugger-streams.jar.searchableOptions.xml
2025-06-05 19:01:47,716 [   9407]   INFO - STDOUT - Output written to /Users/yunus/Workspace/Cursor/idea-take-note-plugin/build/searchableOptions/vcs-perforce.jar/search/vcs-perforce.jar.searchableOptions.xml
2025-06-05 19:01:47,718 [   9409]   INFO - STDOUT - Output written to /Users/yunus/Workspace/Cursor/idea-take-note-plugin/build/searchableOptions/gradle.jar/search/gradle.jar.searchableOptions.xml
2025-06-05 19:01:47,719 [   9410]   INFO - STDOUT - Output written to /Users/yunus/Workspace/Cursor/idea-take-note-plugin/build/searchableOptions/testng-plugin.jar/search/testng-plugin.jar.searchableOptions.xml
2025-06-05 19:01:47,719 [   9410]   INFO - STDOUT - Output written to /Users/yunus/Workspace/Cursor/idea-take-note-plugin/build/searchableOptions/grazie.jar/search/grazie.jar.searchableOptions.xml
2025-06-05 19:01:47,720 [   9411]   INFO - STDOUT - Output written to /Users/yunus/Workspace/Cursor/idea-take-note-plugin/build/searchableOptions/qodana.jar/search/qodana.jar.searchableOptions.xml
2025-06-05 19:01:47,732 [   9423]   INFO - STDOUT - Output written to /Users/yunus/Workspace/Cursor/idea-take-note-plugin/build/searchableOptions/app.jar/search/app.jar.searchableOptions.xml
2025-06-05 19:01:47,734 [   9425]   INFO - STDOUT - Output written to /Users/yunus/Workspace/Cursor/idea-take-note-plugin/build/searchableOptions/completionMlRanking.jar/search/completionMlRanking.jar.searchableOptions.xml
2025-06-05 19:01:47,735 [   9426]   INFO - STDOUT - Output written to /Users/yunus/Workspace/Cursor/idea-take-note-plugin/build/searchableOptions/java-decompiler.jar/search/java-decompiler.jar.searchableOptions.xml
2025-06-05 19:01:47,736 [   9427]   INFO - STDOUT - Output written to /Users/yunus/Workspace/Cursor/idea-take-note-plugin/build/searchableOptions/vcs-hg.jar/search/vcs-hg.jar.searchableOptions.xml
2025-06-05 19:01:47,737 [   9428]   INFO - STDOUT - Output written to /Users/yunus/Workspace/Cursor/idea-take-note-plugin/build/searchableOptions/performanceTesting.jar/search/performanceTesting.jar.searchableOptions.xml
2025-06-05 19:01:47,739 [   9430]   INFO - STDOUT - Output written to /Users/yunus/Workspace/Cursor/idea-take-note-plugin/build/searchableOptions/vcs-gitlab.jar/search/vcs-gitlab.jar.searchableOptions.xml
2025-06-05 19:01:47,740 [   9431]   INFO - STDOUT - Output written to /Users/yunus/Workspace/Cursor/idea-take-note-plugin/build/searchableOptions/cwm-common.jar/search/cwm-common.jar.searchableOptions.xml
2025-06-05 19:01:47,741 [   9432]   INFO - STDOUT - Output written to /Users/yunus/Workspace/Cursor/idea-take-note-plugin/build/searchableOptions/java-i18n.jar/search/java-i18n.jar.searchableOptions.xml
2025-06-05 19:01:47,742 [   9433]   INFO - STDOUT - Output written to /Users/yunus/Workspace/Cursor/idea-take-note-plugin/build/searchableOptions/Groovy.jar!/search/Groovy.jar!.searchableOptions.xml
2025-06-05 19:01:47,742 [   9433]   INFO - STDOUT - Output written to /Users/yunus/Workspace/Cursor/idea-take-note-plugin/build/searchableOptions/toml.jar/search/toml.jar.searchableOptions.xml
2025-06-05 19:01:47,742 [   9433]   INFO - STDOUT - Output written to /Users/yunus/Workspace/Cursor/idea-take-note-plugin/build/searchableOptions/platform-ijent-impl.jar/search/platform-ijent-impl.jar.searchableOptions.xml
2025-06-05 19:01:47,742 [   9433]   INFO - STDOUT - Output written to /Users/yunus/Workspace/Cursor/idea-take-note-plugin/build/searchableOptions/idea-junit.jar/search/idea-junit.jar.searchableOptions.xml
2025-06-05 19:01:47,744 [   9435]   INFO - STDOUT - Output written to /Users/yunus/Workspace/Cursor/idea-take-note-plugin/build/searchableOptions/yaml.jar/search/yaml.jar.searchableOptions.xml
2025-06-05 19:01:47,744 [   9435]   INFO - STDOUT - Output written to /Users/yunus/Workspace/Cursor/idea-take-note-plugin/build/searchableOptions/packageChecker.jar/search/packageChecker.jar.searchableOptions.xml
2025-06-05 19:01:47,744 [   9435]   INFO - STDOUT - Output written to /Users/yunus/Workspace/Cursor/idea-take-note-plugin/build/searchableOptions/platform-tracing-ide.jar/search/platform-tracing-ide.jar.searchableOptions.xml
2025-06-05 19:01:47,745 [   9436]   INFO - STDOUT - Output written to /Users/yunus/Workspace/Cursor/idea-take-note-plugin/build/searchableOptions/editorconfig.jar/search/editorconfig.jar.searchableOptions.xml
2025-06-05 19:01:47,745 [   9436]   INFO - STDOUT - Output written to /Users/yunus/Workspace/Cursor/idea-take-note-plugin/build/searchableOptions/vcs-github.jar/search/vcs-github.jar.searchableOptions.xml
2025-06-05 19:01:47,746 [   9437]   INFO - STDOUT - Output written to /Users/yunus/Workspace/Cursor/idea-take-note-plugin/build/searchableOptions/platform-langInjection.jar/search/platform-langInjection.jar.searchableOptions.xml
2025-06-05 19:01:47,746 [   9437]   INFO - STDOUT - Output written to /Users/yunus/Workspace/Cursor/idea-take-note-plugin/build/searchableOptions/platform-images.jar/search/platform-images.jar.searchableOptions.xml
2025-06-05 19:01:47,747 [   9438]   INFO - STDOUT - Output written to /Users/yunus/Workspace/Cursor/idea-take-note-plugin/build/searchableOptions/kotlin-plugin.jar/search/kotlin-plugin.jar.searchableOptions.xml
2025-06-05 19:01:47,749 [   9440]   INFO - STDOUT - Output written to /Users/yunus/Workspace/Cursor/idea-take-note-plugin/build/searchableOptions/vcs-git.jar/search/vcs-git.jar.searchableOptions.xml
2025-06-05 19:01:47,753 [   9444]   INFO - STDOUT - Output written to /Users/yunus/Workspace/Cursor/idea-take-note-plugin/build/searchableOptions/modules.jar/search/modules.jar.searchableOptions.xml
2025-06-05 19:01:47,754 [   9445]   INFO - STDOUT - Output written to /Users/yunus/Workspace/Cursor/idea-take-note-plugin/build/searchableOptions/indexing-shared.jar/search/indexing-shared.jar.searchableOptions.xml
2025-06-05 19:01:47,754 [   9445]   INFO - STDOUT - Output written to /Users/yunus/Workspace/Cursor/idea-take-note-plugin/build/searchableOptions/featuresTrainer.jar/search/featuresTrainer.jar.searchableOptions.xml
2025-06-05 19:01:47,754 [   9445]   INFO - STDOUT - Output written to /Users/yunus/Workspace/Cursor/idea-take-note-plugin/build/searchableOptions/kotlin-plugin.jar!/search/kotlin-plugin.jar!.searchableOptions.xml
2025-06-05 19:01:47,755 [   9446]   INFO - STDOUT - Output written to /Users/yunus/Workspace/Cursor/idea-take-note-plugin/build/searchableOptions/cwm-host.jar/search/cwm-host.jar.searchableOptions.xml
2025-06-05 19:01:47,755 [   9446]   INFO - STDOUT - Output written to /Users/yunus/Workspace/Cursor/idea-take-note-plugin/build/searchableOptions/gradle-java-maven.jar/search/gradle-java-maven.jar.searchableOptions.xml
2025-06-05 19:01:47,756 [   9447]   INFO - STDOUT - Output written to /Users/yunus/Workspace/Cursor/idea-take-note-plugin/build/searchableOptions/settingsSync.jar/search/settingsSync.jar.searchableOptions.xml
2025-06-05 19:01:47,756 [   9447]   INFO - STDOUT - Searchable options index builder completed
2025-06-05 19:01:47,757 [   9448]   INFO - #c.i.u.i.FileBasedIndexImpl - Index dispose started
2025-06-05 19:01:47,779 [   9470]   INFO - #c.i.p.s.StubIndexImpl - StubIndexExtension-s were unloaded
2025-06-05 19:01:47,780 [   9471]   INFO - #c.i.p.s.SerializationManagerImpl - Start shutting down /Users/yunus/Workspace/Cursor/idea-take-note-plugin/build/idea-sandbox/system/index/rep.names
2025-06-05 19:01:47,780 [   9471]   INFO - #c.i.p.s.SerializationManagerImpl - Finished shutting down /Users/yunus/Workspace/Cursor/idea-take-note-plugin/build/idea-sandbox/system/index/rep.names
2025-06-05 19:01:47,781 [   9472]   INFO - #c.i.u.i.FileBasedIndexImpl - Index dispose completed in 24ms.
2025-06-05 19:01:47,784 [   9475]   INFO - #c.i.o.v.n.p.PersistentFSImpl - VFS dispose started
2025-06-05 19:01:47,785 [   9476]   INFO - #c.i.o.v.n.p.FSRecordsImpl - VFS closing
2025-06-05 19:01:47,786 [   9477]   INFO - #c.i.o.v.n.p.PersistentFSImpl - VFS dispose completed in 1 ms.
2025-06-05 19:01:47,799 [   9490]   INFO - #c.i.p.i.b.AppStarter - ------------------------------------------------------ IDE SHUTDOWN ------------------------------------------------------
